2018-05-07 13:50:39,336 [main] INFO  SocketServer - AC921 begin start successful !!!
2018-05-07 13:50:42,648 [http-8080-1] INFO  PigeonLoopContorller - {"FOOT_RING_CODE":"123456789000094","USER_OBJ_ID":"113","PIGEON_LINEAGE":"AB","PLUMAGE_COLOR":"red","PIGEON_BIRTHDAY":"2015-02-10","PIGEON_SEX":"1","EYE_SAND":"1","TOKEN":"DA"}
2018-05-07 13:50:42,670 [http-8080-1] INFO  PigeonLoopContorller - token
2018-05-07 13:50:42,674 [http-8080-1] ERROR HttpDataAspect - [HTTP] process error:
org.springframework.dao.InvalidDataAccessApiUsageException: args and argTypes parameters must match
	at org.springframework.jdbc.core.ArgumentTypePreparedStatementSetter.<init>(ArgumentTypePreparedStatementSetter.java:48)
	at org.springframework.jdbc.core.JdbcTemplate.newArgTypePreparedStatementSetter(JdbcTemplate.java:1313)
	at org.springframework.jdbc.core.JdbcTemplate.update(JdbcTemplate.java:878)
	at com.bracelet.service.impl.PigeonLoopServiceImpl.insert(PigeonLoopServiceImpl.java:24)
	at com.bracelet.controller.PigeonLoopContorller.addRingInfo(PigeonLoopContorller.java:43)
	at com.bracelet.controller.PigeonLoopContorller$$FastClassByCGLIB$$1b4d2675.invoke(<generated>)
	at org.springframework.cglib.proxy.MethodProxy.invoke(MethodProxy.java:204)
	at org.springframework.aop.framework.CglibAopProxy$CglibMethodInvocation.invokeJoinpoint(CglibAopProxy.java:698)
	at org.springframework.aop.framework.ReflectiveMethodInvocation.proceed(ReflectiveMethodInvocation.java:150)
	at org.springframework.aop.aspectj.MethodInvocationProceedingJoinPoint.proceed(MethodInvocationProceedingJoinPoint.java:80)
	at com.bracelet.aop.HttpDataAspect.requestMappingAspect(HttpDataAspect.java:42)
	at sun.reflect.NativeMethodAccessorImpl.invoke0(Native Method)
	at sun.reflect.NativeMethodAccessorImpl.invoke(NativeMethodAccessorImpl.java:62)
	at sun.reflect.DelegatingMethodAccessorImpl.invoke(DelegatingMethodAccessorImpl.java:43)
	at java.lang.reflect.Method.invoke(Method.java:498)
	at org.springframework.aop.aspectj.AbstractAspectJAdvice.invokeAdviceMethodWithGivenArgs(AbstractAspectJAdvice.java:621)
	at org.springframework.aop.aspectj.AbstractAspectJAdvice.invokeAdviceMethod(AbstractAspectJAdvice.java:610)
	at org.springframework.aop.aspectj.AspectJAroundAdvice.invoke(AspectJAroundAdvice.java:65)
	at org.springframework.aop.framework.ReflectiveMethodInvocation.proceed(ReflectiveMethodInvocation.java:172)
	at org.springframework.aop.interceptor.ExposeInvocationInterceptor.invoke(ExposeInvocationInterceptor.java:91)
	at org.springframework.aop.framework.ReflectiveMethodInvocation.proceed(ReflectiveMethodInvocation.java:172)
	at org.springframework.aop.framework.CglibAopProxy$DynamicAdvisedInterceptor.intercept(CglibAopProxy.java:631)
	at com.bracelet.controller.PigeonLoopContorller$$EnhancerByCGLIB$$684606aa.addRingInfo(<generated>)
	at sun.reflect.NativeMethodAccessorImpl.invoke0(Native Method)
	at sun.reflect.NativeMethodAccessorImpl.invoke(NativeMethodAccessorImpl.java:62)
	at sun.reflect.DelegatingMethodAccessorImpl.invoke(DelegatingMethodAccessorImpl.java:43)
	at java.lang.reflect.Method.invoke(Method.java:498)
	at org.springframework.web.method.support.InvocableHandlerMethod.invoke(InvocableHandlerMethod.java:219)
	at org.springframework.web.method.support.InvocableHandlerMethod.invokeForRequest(InvocableHandlerMethod.java:132)
	at org.springframework.web.servlet.mvc.method.annotation.ServletInvocableHandlerMethod.invokeAndHandle(ServletInvocableHandlerMethod.java:104)
	at org.springframework.web.servlet.mvc.method.annotation.RequestMappingHandlerAdapter.invokeHandleMethod(RequestMappingHandlerAdapter.java:745)
	at org.springframework.web.servlet.mvc.method.annotation.RequestMappingHandlerAdapter.handleInternal(RequestMappingHandlerAdapter.java:686)
	at org.springframework.web.servlet.mvc.method.AbstractHandlerMethodAdapter.handle(AbstractHandlerMethodAdapter.java:80)
	at org.springframework.web.servlet.DispatcherServlet.doDispatch(DispatcherServlet.java:925)
	at org.springframework.web.servlet.DispatcherServlet.doService(DispatcherServlet.java:856)
	at org.springframework.web.servlet.FrameworkServlet.processRequest(FrameworkServlet.java:936)
	at org.springframework.web.servlet.FrameworkServlet.doPost(FrameworkServlet.java:838)
	at javax.servlet.http.HttpServlet.service(HttpServlet.java:637)
	at org.springframework.web.servlet.FrameworkServlet.service(FrameworkServlet.java:812)
	at javax.servlet.http.HttpServlet.service(HttpServlet.java:717)
	at org.apache.catalina.core.ApplicationFilterChain.internalDoFilter(ApplicationFilterChain.java:290)
	at org.apache.catalina.core.ApplicationFilterChain.doFilter(ApplicationFilterChain.java:206)
	at com.alibaba.druid.support.http.WebStatFilter.doFilter(WebStatFilter.java:123)
	at org.apache.catalina.core.ApplicationFilterChain.internalDoFilter(ApplicationFilterChain.java:235)
	at org.apache.catalina.core.ApplicationFilterChain.doFilter(ApplicationFilterChain.java:206)
	at org.springframework.web.filter.CharacterEncodingFilter.doFilterInternal(CharacterEncodingFilter.java:88)
	at org.springframework.web.filter.OncePerRequestFilter.doFilter(OncePerRequestFilter.java:107)
	at org.apache.catalina.core.ApplicationFilterChain.internalDoFilter(ApplicationFilterChain.java:235)
	at org.apache.catalina.core.ApplicationFilterChain.doFilter(ApplicationFilterChain.java:206)
	at org.apache.catalina.core.StandardWrapperValve.invoke(StandardWrapperValve.java:233)
	at org.apache.catalina.core.StandardContextValve.invoke(StandardContextValve.java:191)
	at org.apache.catalina.core.StandardHostValve.invoke(StandardHostValve.java:127)
	at org.apache.catalina.valves.ErrorReportValve.invoke(ErrorReportValve.java:102)
	at org.apache.catalina.core.StandardEngineValve.invoke(StandardEngineValve.java:109)
	at org.apache.catalina.connector.CoyoteAdapter.service(CoyoteAdapter.java:298)
	at org.apache.coyote.http11.Http11Processor.process(Http11Processor.java:857)
	at org.apache.coyote.http11.Http11Protocol$Http11ConnectionHandler.process(Http11Protocol.java:588)
	at org.apache.tomcat.util.net.JIoEndpoint$Worker.run(JIoEndpoint.java:489)
	at java.lang.Thread.run(Thread.java:745)
2018-05-07 13:50:43,175 [http-8080-1] INFO  DruidDataSource - {dataSource-1} inited
2018-05-07 13:55:25,076 [main] INFO  SocketServer - AC921 begin start successful !!!
2018-05-07 13:55:29,949 [http-8080-1] INFO  PigeonLoopContorller - {"FOOT_RING_CODE":"123456789000094","USER_OBJ_ID":"113","PIGEON_LINEAGE":"AB","PLUMAGE_COLOR":"red","PIGEON_BIRTHDAY":"2015-02-10","PIGEON_SEX":"1","EYE_SAND":"1","TOKEN":"DA"}
2018-05-07 13:55:29,987 [http-8080-1] INFO  PigeonLoopContorller - token
2018-05-07 13:55:29,990 [http-8080-1] ERROR HttpDataAspect - [HTTP] process error:
org.springframework.dao.InvalidDataAccessApiUsageException: args and argTypes parameters must match
	at org.springframework.jdbc.core.ArgumentTypePreparedStatementSetter.<init>(ArgumentTypePreparedStatementSetter.java:48)
	at org.springframework.jdbc.core.JdbcTemplate.newArgTypePreparedStatementSetter(JdbcTemplate.java:1313)
	at org.springframework.jdbc.core.JdbcTemplate.update(JdbcTemplate.java:878)
	at com.bracelet.service.impl.PigeonLoopServiceImpl.insert(PigeonLoopServiceImpl.java:24)
	at com.bracelet.controller.PigeonLoopContorller.addRingInfo(PigeonLoopContorller.java:43)
	at com.bracelet.controller.PigeonLoopContorller$$FastClassByCGLIB$$1b4d2675.invoke(<generated>)
	at org.springframework.cglib.proxy.MethodProxy.invoke(MethodProxy.java:204)
	at org.springframework.aop.framework.CglibAopProxy$CglibMethodInvocation.invokeJoinpoint(CglibAopProxy.java:698)
	at org.springframework.aop.framework.ReflectiveMethodInvocation.proceed(ReflectiveMethodInvocation.java:150)
	at org.springframework.aop.aspectj.MethodInvocationProceedingJoinPoint.proceed(MethodInvocationProceedingJoinPoint.java:80)
	at com.bracelet.aop.HttpDataAspect.requestMappingAspect(HttpDataAspect.java:42)
	at sun.reflect.NativeMethodAccessorImpl.invoke0(Native Method)
	at sun.reflect.NativeMethodAccessorImpl.invoke(NativeMethodAccessorImpl.java:62)
	at sun.reflect.DelegatingMethodAccessorImpl.invoke(DelegatingMethodAccessorImpl.java:43)
	at java.lang.reflect.Method.invoke(Method.java:498)
	at org.springframework.aop.aspectj.AbstractAspectJAdvice.invokeAdviceMethodWithGivenArgs(AbstractAspectJAdvice.java:621)
	at org.springframework.aop.aspectj.AbstractAspectJAdvice.invokeAdviceMethod(AbstractAspectJAdvice.java:610)
	at org.springframework.aop.aspectj.AspectJAroundAdvice.invoke(AspectJAroundAdvice.java:65)
	at org.springframework.aop.framework.ReflectiveMethodInvocation.proceed(ReflectiveMethodInvocation.java:172)
	at org.springframework.aop.interceptor.ExposeInvocationInterceptor.invoke(ExposeInvocationInterceptor.java:91)
	at org.springframework.aop.framework.ReflectiveMethodInvocation.proceed(ReflectiveMethodInvocation.java:172)
	at org.springframework.aop.framework.CglibAopProxy$DynamicAdvisedInterceptor.intercept(CglibAopProxy.java:631)
	at com.bracelet.controller.PigeonLoopContorller$$EnhancerByCGLIB$$d362c4df.addRingInfo(<generated>)
	at sun.reflect.NativeMethodAccessorImpl.invoke0(Native Method)
	at sun.reflect.NativeMethodAccessorImpl.invoke(NativeMethodAccessorImpl.java:62)
	at sun.reflect.DelegatingMethodAccessorImpl.invoke(DelegatingMethodAccessorImpl.java:43)
	at java.lang.reflect.Method.invoke(Method.java:498)
	at org.springframework.web.method.support.InvocableHandlerMethod.invoke(InvocableHandlerMethod.java:219)
	at org.springframework.web.method.support.InvocableHandlerMethod.invokeForRequest(InvocableHandlerMethod.java:132)
	at org.springframework.web.servlet.mvc.method.annotation.ServletInvocableHandlerMethod.invokeAndHandle(ServletInvocableHandlerMethod.java:104)
	at org.springframework.web.servlet.mvc.method.annotation.RequestMappingHandlerAdapter.invokeHandleMethod(RequestMappingHandlerAdapter.java:745)
	at org.springframework.web.servlet.mvc.method.annotation.RequestMappingHandlerAdapter.handleInternal(RequestMappingHandlerAdapter.java:686)
	at org.springframework.web.servlet.mvc.method.AbstractHandlerMethodAdapter.handle(AbstractHandlerMethodAdapter.java:80)
	at org.springframework.web.servlet.DispatcherServlet.doDispatch(DispatcherServlet.java:925)
	at org.springframework.web.servlet.DispatcherServlet.doService(DispatcherServlet.java:856)
	at org.springframework.web.servlet.FrameworkServlet.processRequest(FrameworkServlet.java:936)
	at org.springframework.web.servlet.FrameworkServlet.doPost(FrameworkServlet.java:838)
	at javax.servlet.http.HttpServlet.service(HttpServlet.java:637)
	at org.springframework.web.servlet.FrameworkServlet.service(FrameworkServlet.java:812)
	at javax.servlet.http.HttpServlet.service(HttpServlet.java:717)
	at org.apache.catalina.core.ApplicationFilterChain.internalDoFilter(ApplicationFilterChain.java:290)
	at org.apache.catalina.core.ApplicationFilterChain.doFilter(ApplicationFilterChain.java:206)
	at com.alibaba.druid.support.http.WebStatFilter.doFilter(WebStatFilter.java:123)
	at org.apache.catalina.core.ApplicationFilterChain.internalDoFilter(ApplicationFilterChain.java:235)
	at org.apache.catalina.core.ApplicationFilterChain.doFilter(ApplicationFilterChain.java:206)
	at org.springframework.web.filter.CharacterEncodingFilter.doFilterInternal(CharacterEncodingFilter.java:88)
	at org.springframework.web.filter.OncePerRequestFilter.doFilter(OncePerRequestFilter.java:107)
	at org.apache.catalina.core.ApplicationFilterChain.internalDoFilter(ApplicationFilterChain.java:235)
	at org.apache.catalina.core.ApplicationFilterChain.doFilter(ApplicationFilterChain.java:206)
	at org.apache.catalina.core.StandardWrapperValve.invoke(StandardWrapperValve.java:233)
	at org.apache.catalina.core.StandardContextValve.invoke(StandardContextValve.java:191)
	at org.apache.catalina.core.StandardHostValve.invoke(StandardHostValve.java:127)
	at org.apache.catalina.valves.ErrorReportValve.invoke(ErrorReportValve.java:102)
	at org.apache.catalina.core.StandardEngineValve.invoke(StandardEngineValve.java:109)
	at org.apache.catalina.connector.CoyoteAdapter.service(CoyoteAdapter.java:298)
	at org.apache.coyote.http11.Http11Processor.process(Http11Processor.java:857)
	at org.apache.coyote.http11.Http11Protocol$Http11ConnectionHandler.process(Http11Protocol.java:588)
	at org.apache.tomcat.util.net.JIoEndpoint$Worker.run(JIoEndpoint.java:489)
	at java.lang.Thread.run(Thread.java:745)
2018-05-07 13:55:30,487 [http-8080-1] INFO  DruidDataSource - {dataSource-1} inited
2018-05-07 13:57:55,592 [main] INFO  SocketServer - AC921 begin start successful !!!
2018-05-07 13:58:18,797 [http-8080-1] INFO  PigeonLoopContorller -  {"FOOT_RING_CODE":"123456789000094",
		"USER_OBJ_ID":"113",
		"PIGEON_LINEAGE":"AB",
		"PLUMAGE_COLOR":"red",
		"PIGEON_BIRTHDAY":"20150210",
		"PIGEON_SEX":"1",
		"EYE_SAND":"1",
		"TOKEN":"DA"
		}
2018-05-07 13:58:18,832 [http-8080-1] INFO  PigeonLoopContorller - token
2018-05-07 13:58:18,836 [http-8080-1] ERROR HttpDataAspect - [HTTP] process error:
org.springframework.dao.InvalidDataAccessApiUsageException: args and argTypes parameters must match
	at org.springframework.jdbc.core.ArgumentTypePreparedStatementSetter.<init>(ArgumentTypePreparedStatementSetter.java:48)
	at org.springframework.jdbc.core.JdbcTemplate.newArgTypePreparedStatementSetter(JdbcTemplate.java:1313)
	at org.springframework.jdbc.core.JdbcTemplate.update(JdbcTemplate.java:878)
	at com.bracelet.service.impl.PigeonLoopServiceImpl.insert(PigeonLoopServiceImpl.java:24)
	at com.bracelet.controller.PigeonLoopContorller.addRingInfo(PigeonLoopContorller.java:51)
	at com.bracelet.controller.PigeonLoopContorller$$FastClassByCGLIB$$1b4d2675.invoke(<generated>)
	at org.springframework.cglib.proxy.MethodProxy.invoke(MethodProxy.java:204)
	at org.springframework.aop.framework.CglibAopProxy$CglibMethodInvocation.invokeJoinpoint(CglibAopProxy.java:698)
	at org.springframework.aop.framework.ReflectiveMethodInvocation.proceed(ReflectiveMethodInvocation.java:150)
	at org.springframework.aop.aspectj.MethodInvocationProceedingJoinPoint.proceed(MethodInvocationProceedingJoinPoint.java:80)
	at com.bracelet.aop.HttpDataAspect.requestMappingAspect(HttpDataAspect.java:42)
	at sun.reflect.NativeMethodAccessorImpl.invoke0(Native Method)
	at sun.reflect.NativeMethodAccessorImpl.invoke(NativeMethodAccessorImpl.java:62)
	at sun.reflect.DelegatingMethodAccessorImpl.invoke(DelegatingMethodAccessorImpl.java:43)
	at java.lang.reflect.Method.invoke(Method.java:498)
	at org.springframework.aop.aspectj.AbstractAspectJAdvice.invokeAdviceMethodWithGivenArgs(AbstractAspectJAdvice.java:621)
	at org.springframework.aop.aspectj.AbstractAspectJAdvice.invokeAdviceMethod(AbstractAspectJAdvice.java:610)
	at org.springframework.aop.aspectj.AspectJAroundAdvice.invoke(AspectJAroundAdvice.java:65)
	at org.springframework.aop.framework.ReflectiveMethodInvocation.proceed(ReflectiveMethodInvocation.java:172)
	at org.springframework.aop.interceptor.ExposeInvocationInterceptor.invoke(ExposeInvocationInterceptor.java:91)
	at org.springframework.aop.framework.ReflectiveMethodInvocation.proceed(ReflectiveMethodInvocation.java:172)
	at org.springframework.aop.framework.CglibAopProxy$DynamicAdvisedInterceptor.intercept(CglibAopProxy.java:631)
	at com.bracelet.controller.PigeonLoopContorller$$EnhancerByCGLIB$$ce28cfa.addRingInfo(<generated>)
	at sun.reflect.NativeMethodAccessorImpl.invoke0(Native Method)
	at sun.reflect.NativeMethodAccessorImpl.invoke(NativeMethodAccessorImpl.java:62)
	at sun.reflect.DelegatingMethodAccessorImpl.invoke(DelegatingMethodAccessorImpl.java:43)
	at java.lang.reflect.Method.invoke(Method.java:498)
	at org.springframework.web.method.support.InvocableHandlerMethod.invoke(InvocableHandlerMethod.java:219)
	at org.springframework.web.method.support.InvocableHandlerMethod.invokeForRequest(InvocableHandlerMethod.java:132)
	at org.springframework.web.servlet.mvc.method.annotation.ServletInvocableHandlerMethod.invokeAndHandle(ServletInvocableHandlerMethod.java:104)
	at org.springframework.web.servlet.mvc.method.annotation.RequestMappingHandlerAdapter.invokeHandleMethod(RequestMappingHandlerAdapter.java:745)
	at org.springframework.web.servlet.mvc.method.annotation.RequestMappingHandlerAdapter.handleInternal(RequestMappingHandlerAdapter.java:686)
	at org.springframework.web.servlet.mvc.method.AbstractHandlerMethodAdapter.handle(AbstractHandlerMethodAdapter.java:80)
	at org.springframework.web.servlet.DispatcherServlet.doDispatch(DispatcherServlet.java:925)
	at org.springframework.web.servlet.DispatcherServlet.doService(DispatcherServlet.java:856)
	at org.springframework.web.servlet.FrameworkServlet.processRequest(FrameworkServlet.java:936)
	at org.springframework.web.servlet.FrameworkServlet.doPost(FrameworkServlet.java:838)
	at javax.servlet.http.HttpServlet.service(HttpServlet.java:637)
	at org.springframework.web.servlet.FrameworkServlet.service(FrameworkServlet.java:812)
	at javax.servlet.http.HttpServlet.service(HttpServlet.java:717)
	at org.apache.catalina.core.ApplicationFilterChain.internalDoFilter(ApplicationFilterChain.java:290)
	at org.apache.catalina.core.ApplicationFilterChain.doFilter(ApplicationFilterChain.java:206)
	at com.alibaba.druid.support.http.WebStatFilter.doFilter(WebStatFilter.java:123)
	at org.apache.catalina.core.ApplicationFilterChain.internalDoFilter(ApplicationFilterChain.java:235)
	at org.apache.catalina.core.ApplicationFilterChain.doFilter(ApplicationFilterChain.java:206)
	at org.springframework.web.filter.CharacterEncodingFilter.doFilterInternal(CharacterEncodingFilter.java:88)
	at org.springframework.web.filter.OncePerRequestFilter.doFilter(OncePerRequestFilter.java:107)
	at org.apache.catalina.core.ApplicationFilterChain.internalDoFilter(ApplicationFilterChain.java:235)
	at org.apache.catalina.core.ApplicationFilterChain.doFilter(ApplicationFilterChain.java:206)
	at org.apache.catalina.core.StandardWrapperValve.invoke(StandardWrapperValve.java:233)
	at org.apache.catalina.core.StandardContextValve.invoke(StandardContextValve.java:191)
	at org.apache.catalina.core.StandardHostValve.invoke(StandardHostValve.java:127)
	at org.apache.catalina.valves.ErrorReportValve.invoke(ErrorReportValve.java:102)
	at org.apache.catalina.core.StandardEngineValve.invoke(StandardEngineValve.java:109)
	at org.apache.catalina.connector.CoyoteAdapter.service(CoyoteAdapter.java:298)
	at org.apache.coyote.http11.Http11Processor.process(Http11Processor.java:857)
	at org.apache.coyote.http11.Http11Protocol$Http11ConnectionHandler.process(Http11Protocol.java:588)
	at org.apache.tomcat.util.net.JIoEndpoint$Worker.run(JIoEndpoint.java:489)
	at java.lang.Thread.run(Thread.java:745)
2018-05-07 13:58:19,327 [http-8080-1] INFO  DruidDataSource - {dataSource-1} inited
2018-05-07 14:03:43,345 [main] INFO  SocketServer - AC921 begin start successful !!!
2018-05-07 14:03:45,114 [http-8080-1] ERROR HttpDataAspect - [HTTP] process error:
org.springframework.dao.InvalidDataAccessApiUsageException: args and argTypes parameters must match
	at org.springframework.jdbc.core.ArgumentTypePreparedStatementSetter.<init>(ArgumentTypePreparedStatementSetter.java:48)
	at org.springframework.jdbc.core.JdbcTemplate.newArgTypePreparedStatementSetter(JdbcTemplate.java:1313)
	at org.springframework.jdbc.core.JdbcTemplate.update(JdbcTemplate.java:878)
	at com.bracelet.service.impl.PigeonLoopServiceImpl.insertPigeonInfo(PigeonLoopServiceImpl.java:25)
	at com.bracelet.controller.PigeonLoopContorller.addRingInfo(PigeonLoopContorller.java:31)
	at com.bracelet.controller.PigeonLoopContorller$$FastClassByCGLIB$$1b4d2675.invoke(<generated>)
	at org.springframework.cglib.proxy.MethodProxy.invoke(MethodProxy.java:204)
	at org.springframework.aop.framework.CglibAopProxy$CglibMethodInvocation.invokeJoinpoint(CglibAopProxy.java:698)
	at org.springframework.aop.framework.ReflectiveMethodInvocation.proceed(ReflectiveMethodInvocation.java:150)
	at org.springframework.aop.aspectj.MethodInvocationProceedingJoinPoint.proceed(MethodInvocationProceedingJoinPoint.java:80)
	at com.bracelet.aop.HttpDataAspect.requestMappingAspect(HttpDataAspect.java:42)
	at sun.reflect.NativeMethodAccessorImpl.invoke0(Native Method)
	at sun.reflect.NativeMethodAccessorImpl.invoke(NativeMethodAccessorImpl.java:62)
	at sun.reflect.DelegatingMethodAccessorImpl.invoke(DelegatingMethodAccessorImpl.java:43)
	at java.lang.reflect.Method.invoke(Method.java:498)
	at org.springframework.aop.aspectj.AbstractAspectJAdvice.invokeAdviceMethodWithGivenArgs(AbstractAspectJAdvice.java:621)
	at org.springframework.aop.aspectj.AbstractAspectJAdvice.invokeAdviceMethod(AbstractAspectJAdvice.java:610)
	at org.springframework.aop.aspectj.AspectJAroundAdvice.invoke(AspectJAroundAdvice.java:65)
	at org.springframework.aop.framework.ReflectiveMethodInvocation.proceed(ReflectiveMethodInvocation.java:172)
	at org.springframework.aop.interceptor.ExposeInvocationInterceptor.invoke(ExposeInvocationInterceptor.java:91)
	at org.springframework.aop.framework.ReflectiveMethodInvocation.proceed(ReflectiveMethodInvocation.java:172)
	at org.springframework.aop.framework.CglibAopProxy$DynamicAdvisedInterceptor.intercept(CglibAopProxy.java:631)
	at com.bracelet.controller.PigeonLoopContorller$$EnhancerByCGLIB$$192a764b.addRingInfo(<generated>)
	at sun.reflect.NativeMethodAccessorImpl.invoke0(Native Method)
	at sun.reflect.NativeMethodAccessorImpl.invoke(NativeMethodAccessorImpl.java:62)
	at sun.reflect.DelegatingMethodAccessorImpl.invoke(DelegatingMethodAccessorImpl.java:43)
	at java.lang.reflect.Method.invoke(Method.java:498)
	at org.springframework.web.method.support.InvocableHandlerMethod.invoke(InvocableHandlerMethod.java:219)
	at org.springframework.web.method.support.InvocableHandlerMethod.invokeForRequest(InvocableHandlerMethod.java:132)
	at org.springframework.web.servlet.mvc.method.annotation.ServletInvocableHandlerMethod.invokeAndHandle(ServletInvocableHandlerMethod.java:104)
	at org.springframework.web.servlet.mvc.method.annotation.RequestMappingHandlerAdapter.invokeHandleMethod(RequestMappingHandlerAdapter.java:745)
	at org.springframework.web.servlet.mvc.method.annotation.RequestMappingHandlerAdapter.handleInternal(RequestMappingHandlerAdapter.java:686)
	at org.springframework.web.servlet.mvc.method.AbstractHandlerMethodAdapter.handle(AbstractHandlerMethodAdapter.java:80)
	at org.springframework.web.servlet.DispatcherServlet.doDispatch(DispatcherServlet.java:925)
	at org.springframework.web.servlet.DispatcherServlet.doService(DispatcherServlet.java:856)
	at org.springframework.web.servlet.FrameworkServlet.processRequest(FrameworkServlet.java:936)
	at org.springframework.web.servlet.FrameworkServlet.doPost(FrameworkServlet.java:838)
	at javax.servlet.http.HttpServlet.service(HttpServlet.java:637)
	at org.springframework.web.servlet.FrameworkServlet.service(FrameworkServlet.java:812)
	at javax.servlet.http.HttpServlet.service(HttpServlet.java:717)
	at org.apache.catalina.core.ApplicationFilterChain.internalDoFilter(ApplicationFilterChain.java:290)
	at org.apache.catalina.core.ApplicationFilterChain.doFilter(ApplicationFilterChain.java:206)
	at com.alibaba.druid.support.http.WebStatFilter.doFilter(WebStatFilter.java:123)
	at org.apache.catalina.core.ApplicationFilterChain.internalDoFilter(ApplicationFilterChain.java:235)
	at org.apache.catalina.core.ApplicationFilterChain.doFilter(ApplicationFilterChain.java:206)
	at org.springframework.web.filter.CharacterEncodingFilter.doFilterInternal(CharacterEncodingFilter.java:88)
	at org.springframework.web.filter.OncePerRequestFilter.doFilter(OncePerRequestFilter.java:107)
	at org.apache.catalina.core.ApplicationFilterChain.internalDoFilter(ApplicationFilterChain.java:235)
	at org.apache.catalina.core.ApplicationFilterChain.doFilter(ApplicationFilterChain.java:206)
	at org.apache.catalina.core.StandardWrapperValve.invoke(StandardWrapperValve.java:233)
	at org.apache.catalina.core.StandardContextValve.invoke(StandardContextValve.java:191)
	at org.apache.catalina.core.StandardHostValve.invoke(StandardHostValve.java:127)
	at org.apache.catalina.valves.ErrorReportValve.invoke(ErrorReportValve.java:102)
	at org.apache.catalina.core.StandardEngineValve.invoke(StandardEngineValve.java:109)
	at org.apache.catalina.connector.CoyoteAdapter.service(CoyoteAdapter.java:298)
	at org.apache.coyote.http11.Http11Processor.process(Http11Processor.java:857)
	at org.apache.coyote.http11.Http11Protocol$Http11ConnectionHandler.process(Http11Protocol.java:588)
	at org.apache.tomcat.util.net.JIoEndpoint$Worker.run(JIoEndpoint.java:489)
	at java.lang.Thread.run(Thread.java:745)
2018-05-07 14:03:45,615 [http-8080-1] INFO  DruidDataSource - {dataSource-1} inited
2018-05-07 14:06:48,868 [main] INFO  SocketServer - AC921 begin start successful !!!
2018-05-07 14:06:50,453 [http-8080-1] INFO  DruidDataSource - {dataSource-1} inited
2018-05-07 14:06:50,509 [http-8080-1] INFO  PigeonLoopContorller -  {"FOOT_RING_CODE":"123456789000094",
		"USER_OBJ_ID":"113",
		"PIGEON_LINEAGE":"AB",
		"PLUMAGE_COLOR":"red",
		"PIGEON_BIRTHDAY":"20150210",
		"PIGEON_SEX":"1",
		"EYE_SAND":"1",
		"TOKEN":"DA"
		}
2018-05-07 14:06:50,545 [http-8080-1] INFO  PigeonLoopContorller - token
2018-05-07 14:06:50,580 [http-8080-1] INFO  PigeonLoopContorller - ac=true
2018-05-07 14:08:07,151 [main] INFO  SocketServer - AC921 begin start successful !!!
2018-05-07 14:08:08,105 [http-8080-1] INFO  PigeonLoopContorller -  {"FOOT_RING_CODE":"123456789000094",
		"USER_OBJ_ID":"113",
		"PIGEON_LINEAGE":"AB",
		"PLUMAGE_COLOR":"red",
		"PIGEON_BIRTHDAY":"20150210",
		"PIGEON_SEX":"1",
		"EYE_SAND":"1",
		"TOKEN":"DA"
		}
2018-05-07 14:08:08,623 [http-8080-1] INFO  DruidDataSource - {dataSource-1} inited
2018-05-07 14:47:40,304 [main] INFO  SocketServer - AC921 begin start successful !!!
2018-05-07 14:48:14,670 [http-8080-1] INFO  PigeonLoopContorller - 获取信鸽列表= {"FOOT_RING_CODE":"123456789000094",
		"USER_OBJ_ID":"113",
		"PIGEON_LINEAGE":"AB",
		"PLUMAGE_COLOR":"red",
		"PIGEON_BIRTHDAY":"20150210",
		"PIGEON_SEX":"1",
		"EYE_SAND":"1",
		"TOKEN":"DA"
		}
2018-05-07 14:48:15,215 [http-8080-1] INFO  DruidDataSource - {dataSource-1} inited
2018-05-07 14:48:59,842 [main] INFO  SocketServer - AC921 begin start successful !!!
2018-05-07 14:49:01,452 [http-8080-1] INFO  PigeonLoopContorller - 获取信鸽列表= {"FOOT_RING_CODE":"123456789000094",
		"USER_OBJ_ID":"113",
		"PIGEON_LINEAGE":"AB",
		"PLUMAGE_COLOR":"red",
		"PIGEON_BIRTHDAY":"20150210",
		"PIGEON_SEX":"1",
		"EYE_SAND":"1",
		"TOKEN":"DA"
		}
2018-05-07 14:49:01,995 [http-8080-1] INFO  DruidDataSource - {dataSource-1} inited
2018-05-07 15:07:06,620 [main] INFO  SocketServer - AC921 begin start successful !!!
2018-05-07 15:07:32,952 [http-8080-1] INFO  PigeonLoopContorller - 删除信鸽= {"FOOT_RING_CODE":"123456789000094",
		"USER_OBJ_ID":"113",
		"PIGEON_LINEAGE":"AB",
		"PLUMAGE_COLOR":"red",
		"PIGEON_BIRTHDAY":"20150210",
		"PIGEON_SEX":"1",
		"EYE_SAND":"1",
		"id":"1"
		}
2018-05-07 15:07:33,485 [http-8080-1] INFO  DruidDataSource - {dataSource-1} inited
2018-05-07 16:13:53,313 [main] INFO  SocketServer - AC921 begin start successful !!!
2018-05-07 16:14:49,640 [http-8080-1] INFO  PigeonLoopContorller - 删除信鸽= {     "RING_CODE":"123456789000094",
		"USER_OBJ_ID":"113",
		"PIGEON_LINEAGE":"AB",
		"PLUMAGE_COLOR":"red",
		"PIGEON_BIRTHDAY":"20150210",
		"PIGEON_SEX":"1",
		"EYE_SAND":"1",
		"id":"1"
		}
2018-05-07 16:14:50,182 [http-8080-1] INFO  DruidDataSource - {dataSource-1} inited
2018-05-07 16:15:16,111 [http-8080-1] INFO  PigeonLoopContorller - 新增鸽环= {     "RING_CODE":"123456789000094",
		"USER_OBJ_ID":"113",
		"PIGEON_LINEAGE":"AB",
		"PLUMAGE_COLOR":"red",
		"PIGEON_BIRTHDAY":"20150210",
		"PIGEON_SEX":"1",
		"EYE_SAND":"1",
		"id":"1"
		}
2018-05-07 16:15:16,115 [http-8080-1] ERROR HttpDataAspect - [HTTP] process error:
net.sf.json.JSONException: JSONObject["TOKEN"] not found.
	at net.sf.json.JSONObject.getString(JSONObject.java:2092)
	at com.bracelet.controller.PigeonLoopContorller.addRingDoveInfo(PigeonLoopContorller.java:116)
	at com.bracelet.controller.PigeonLoopContorller$$FastClassByCGLIB$$1b4d2675.invoke(<generated>)
	at org.springframework.cglib.proxy.MethodProxy.invoke(MethodProxy.java:204)
	at org.springframework.aop.framework.CglibAopProxy$CglibMethodInvocation.invokeJoinpoint(CglibAopProxy.java:698)
	at org.springframework.aop.framework.ReflectiveMethodInvocation.proceed(ReflectiveMethodInvocation.java:150)
	at org.springframework.aop.aspectj.MethodInvocationProceedingJoinPoint.proceed(MethodInvocationProceedingJoinPoint.java:80)
	at com.bracelet.aop.HttpDataAspect.requestMappingAspect(HttpDataAspect.java:42)
	at sun.reflect.NativeMethodAccessorImpl.invoke0(Native Method)
	at sun.reflect.NativeMethodAccessorImpl.invoke(NativeMethodAccessorImpl.java:62)
	at sun.reflect.DelegatingMethodAccessorImpl.invoke(DelegatingMethodAccessorImpl.java:43)
	at java.lang.reflect.Method.invoke(Method.java:498)
	at org.springframework.aop.aspectj.AbstractAspectJAdvice.invokeAdviceMethodWithGivenArgs(AbstractAspectJAdvice.java:621)
	at org.springframework.aop.aspectj.AbstractAspectJAdvice.invokeAdviceMethod(AbstractAspectJAdvice.java:610)
	at org.springframework.aop.aspectj.AspectJAroundAdvice.invoke(AspectJAroundAdvice.java:65)
	at org.springframework.aop.framework.ReflectiveMethodInvocation.proceed(ReflectiveMethodInvocation.java:172)
	at org.springframework.aop.interceptor.ExposeInvocationInterceptor.invoke(ExposeInvocationInterceptor.java:91)
	at org.springframework.aop.framework.ReflectiveMethodInvocation.proceed(ReflectiveMethodInvocation.java:172)
	at org.springframework.aop.framework.CglibAopProxy$DynamicAdvisedInterceptor.intercept(CglibAopProxy.java:631)
	at com.bracelet.controller.PigeonLoopContorller$$EnhancerByCGLIB$$ac592ce.addRingDoveInfo(<generated>)
	at sun.reflect.NativeMethodAccessorImpl.invoke0(Native Method)
	at sun.reflect.NativeMethodAccessorImpl.invoke(NativeMethodAccessorImpl.java:62)
	at sun.reflect.DelegatingMethodAccessorImpl.invoke(DelegatingMethodAccessorImpl.java:43)
	at java.lang.reflect.Method.invoke(Method.java:498)
	at org.springframework.web.method.support.InvocableHandlerMethod.invoke(InvocableHandlerMethod.java:219)
	at org.springframework.web.method.support.InvocableHandlerMethod.invokeForRequest(InvocableHandlerMethod.java:132)
	at org.springframework.web.servlet.mvc.method.annotation.ServletInvocableHandlerMethod.invokeAndHandle(ServletInvocableHandlerMethod.java:104)
	at org.springframework.web.servlet.mvc.method.annotation.RequestMappingHandlerAdapter.invokeHandleMethod(RequestMappingHandlerAdapter.java:745)
	at org.springframework.web.servlet.mvc.method.annotation.RequestMappingHandlerAdapter.handleInternal(RequestMappingHandlerAdapter.java:686)
	at org.springframework.web.servlet.mvc.method.AbstractHandlerMethodAdapter.handle(AbstractHandlerMethodAdapter.java:80)
	at org.springframework.web.servlet.DispatcherServlet.doDispatch(DispatcherServlet.java:925)
	at org.springframework.web.servlet.DispatcherServlet.doService(DispatcherServlet.java:856)
	at org.springframework.web.servlet.FrameworkServlet.processRequest(FrameworkServlet.java:936)
	at org.springframework.web.servlet.FrameworkServlet.doPost(FrameworkServlet.java:838)
	at javax.servlet.http.HttpServlet.service(HttpServlet.java:637)
	at org.springframework.web.servlet.FrameworkServlet.service(FrameworkServlet.java:812)
	at javax.servlet.http.HttpServlet.service(HttpServlet.java:717)
	at org.apache.catalina.core.ApplicationFilterChain.internalDoFilter(ApplicationFilterChain.java:290)
	at org.apache.catalina.core.ApplicationFilterChain.doFilter(ApplicationFilterChain.java:206)
	at com.alibaba.druid.support.http.WebStatFilter.doFilter(WebStatFilter.java:123)
	at org.apache.catalina.core.ApplicationFilterChain.internalDoFilter(ApplicationFilterChain.java:235)
	at org.apache.catalina.core.ApplicationFilterChain.doFilter(ApplicationFilterChain.java:206)
	at org.springframework.web.filter.CharacterEncodingFilter.doFilterInternal(CharacterEncodingFilter.java:88)
	at org.springframework.web.filter.OncePerRequestFilter.doFilter(OncePerRequestFilter.java:107)
	at org.apache.catalina.core.ApplicationFilterChain.internalDoFilter(ApplicationFilterChain.java:235)
	at org.apache.catalina.core.ApplicationFilterChain.doFilter(ApplicationFilterChain.java:206)
	at org.apache.catalina.core.StandardWrapperValve.invoke(StandardWrapperValve.java:233)
	at org.apache.catalina.core.StandardContextValve.invoke(StandardContextValve.java:191)
	at org.apache.catalina.core.StandardHostValve.invoke(StandardHostValve.java:127)
	at org.apache.catalina.valves.ErrorReportValve.invoke(ErrorReportValve.java:102)
	at org.apache.catalina.core.StandardEngineValve.invoke(StandardEngineValve.java:109)
	at org.apache.catalina.connector.CoyoteAdapter.service(CoyoteAdapter.java:298)
	at org.apache.coyote.http11.Http11Processor.process(Http11Processor.java:857)
	at org.apache.coyote.http11.Http11Protocol$Http11ConnectionHandler.process(Http11Protocol.java:588)
	at org.apache.tomcat.util.net.JIoEndpoint$Worker.run(JIoEndpoint.java:489)
	at java.lang.Thread.run(Thread.java:745)
2018-05-07 16:15:32,617 [http-8080-1] INFO  PigeonLoopContorller - 新增鸽环= {     "RING_CODE":"123456789000094",
		"USER_OBJ_ID":"113",
		"PIGEON_LINEAGE":"AB",
		"PLUMAGE_COLOR":"red",
		"PIGEON_BIRTHDAY":"20150210",
		"PIGEON_SEX":"1",
		"EYE_SAND":"1",
		"TOKEN":"1"
		}
